#
# A fatal error has been detected by the Java Runtime Environment:
#
#  SIGSEGV (0xb) at pc=0x00000001089177e2, pid=63503, tid=30211
#
# JRE version: Java(TM) SE Runtime Environment 18.9 (11.0.10+8) (build 11.0.10+8-LTS-162)
# Java VM: Java HotSpot(TM) 64-Bit Server VM 18.9 (11.0.10+8-LTS-162, mixed mode, tiered, compressed oops, g1 gc, bsd-amd64)
# Problematic frame:
# C  [libjimage.dylib+0x17e2]  ImageStrings::find(Endian*, char const*, int*, unsigned int)+0x56
#
# No core dump will be written. Core dumps have been disabled. To enable core dumping, try "ulimit -c unlimited" before starting Java again
#
# If you would like to submit a bug report, please visit:
#   https://bugreport.java.com/bugreport/crash.jsp
#

---------------  S U M M A R Y ------------

Command Line: -agentlib:jdwp=transport=dt_socket,suspend=y,address=localhost:60030 -ea -javaagent:/Users/afnanidries/development/jee-2023-12/Eclipse.app/Contents/Eclipse/configuration/org.eclipse.osgi/427/0/.cp/lib/javaagent-shaded.jar -Dfile.encoding=UTF-8 -Dstdout.encoding=UTF-8 -Dstderr.encoding=UTF-8 org.eclipse.jdt.internal.junit.runner.RemoteTestRunner -version 3 -port 60029 -testLoaderClass org.eclipse.jdt.internal.junit5.runner.JUnit5TestLoader -loaderpluginname org.eclipse.jdt.junit5.runtime -test edu.ncsu.csc.CoffeeMaker.api.APIRecipeTest:testAddRecipe2 -uniqueId [engine:junit-jupiter]/[class:edu.ncsu.csc.CoffeeMaker.api.APIRecipeTest]/[method:testAddRecipe2()]

Host: MacBookPro17,1 x86_64 2400 MHz, 8 cores, 8G, Darwin 23.2.0
Time: Wed May 14 17:15:41 2025 EDT elapsed time: 203.874334 seconds (0d 0h 3m 23s)

---------------  T H R E A D  ---------------

Current thread (0x00007fb63c836000):  JavaThread "Signal Dispatcher" daemon [_thread_in_vm, id=30211, stack(0x0000000305893000,0x0000000305993000)]

Stack: [0x0000000305893000,0x0000000305993000],  sp=0x0000000305991340,  free space=1016k
Native frames: (J=compiled Java code, A=aot compiled Java code, j=interpreted, Vv=VM code, C=native code)
C  [libjimage.dylib+0x17e2]  ImageStrings::find(Endian*, char const*, int*, unsigned int)+0x56
C  [libjimage.dylib+0x2449]  ImageFileReader::find_location_index(char const*, unsigned long long*) const+0x3f
C  [libjimage.dylib+0x278a]  JIMAGE_FindResource+0xcf
V  [libjvm.dylib+0x1eaa81]